iMPACT Version: 14.4

iMPACT log file Started on Mon Aug 26 17:27:39 2013

Welcome to iMPACT
iMPACT Version: 14.4
Project: 'C:\Xilinx\14.4\\auto_project.ipf' already exists.
Original project has been renamed to 'C:\Xilinx\14.4\\auto_project_1.ipf'.
Project: C:\Xilinx\14.4\\auto_project.ipf created.
// *** BATCH CMD : setMode -bs
GUI --- Auto connect to cable...
// *** BATCH CMD : setCable -port auto
INFO:iMPACT - Digilent Plugin: Plugin Version: 2.4.4
INFO:iMPACT - Digilent Plugin: found 1 device(s).
INFO:iMPACT - Digilent Plugin: opening device: "obp", SN:000000000000
INFO:iMPACT - Digilent Plugin: User Name: obp
INFO:iMPACT - Digilent Plugin: Product Name: Avnet On-Board Programmer
INFO:iMPACT - Digilent Plugin: Serial Number: 000000000000
INFO:iMPACT - Digilent Plugin: Product ID: F030012D
INFO:iMPACT - Digilent Plugin: Firmware Version: 011B
INFO:iMPACT - Digilent Plugin: JTAG Port Number: 0
INFO:iMPACT - Digilent Plugin: JTAG Clock Frequency: 4000000 Hz
Attempting to identify devices in the boundary-scan chain configuration...
INFO:iMPACT - Current time: 26/08/2013 5:28:16 PM
// *** BATCH CMD : Identify -inferir 
PROGRESS_START - Starting Operation.
Identifying chain contents...'0': : Manufacturer's ID = Xilinx xc6slx9, Version : 2
INFO:iMPACT:1777 - 
   Reading C:/Xilinx/14.4/ISE_DS/ISE/spartan6/data/xc6slx9.bsd...
INFO:iMPACT:501 - '1': Added Device xc6slx9 successfully.
----------------------------------------------------------------------
done.
PROGRESS_END - End Operation.
Elapsed time =      0 sec.
// *** BATCH CMD : identifyMPM 
Project: 'C:\Xilinx\14.4\\auto_project.ipf' created.
// *** BATCH CMD : setMode -bs
// *** BATCH CMD : setMode -ss
// *** BATCH CMD : setMode -sm
// *** BATCH CMD : setMode -hw140
// *** BATCH CMD : setMode -spi
// *** BATCH CMD : setMode -acecf
// *** BATCH CMD : setMode -acempm
// *** BATCH CMD : setMode -pff
// *** BATCH CMD : setMode -bs
// *** BATCH CMD : saveProjectFile -file "C:\Xilinx\14.4\\auto_project.ipf"
// *** BATCH CMD : setMode -bs
// *** BATCH CMD : deleteDevice -position 1
// *** BATCH CMD : setMode -bs
// *** BATCH CMD : setMode -ss
// *** BATCH CMD : setMode -sm
// *** BATCH CMD : setMode -hw140
// *** BATCH CMD : setMode -spi
// *** BATCH CMD : setMode -acecf
// *** BATCH CMD : setMode -acempm
// *** BATCH CMD : setMode -pff
Welcome to iMPACT
iMPACT Version: 14.4
Project: 'C:\Xilinx\14.4\\auto_project.ipf' already exists.
Original project has been renamed to 'C:\Xilinx\14.4\\auto_project_1.ipf'.
Project: C:\Xilinx\14.4\\auto_project.ipf created.
// *** BATCH CMD : setMode -bs
GUI --- Auto connect to cable...
// *** BATCH CMD : setCable -port auto
INFO:iMPACT - Digilent Plugin: Plugin Version: 2.4.4
INFO:iMPACT - Digilent Plugin: found 1 device(s).
INFO:iMPACT - Digilent Plugin: opening device: "obp", SN:000000000000
INFO:iMPACT - Digilent Plugin: User Name: obp
INFO:iMPACT - Digilent Plugin: Product Name: Avnet On-Board Programmer
INFO:iMPACT - Digilent Plugin: Serial Number: 000000000000
INFO:iMPACT - Digilent Plugin: Product ID: F030012D
INFO:iMPACT - Digilent Plugin: Firmware Version: 011B
INFO:iMPACT - Digilent Plugin: JTAG Port Number: 0
INFO:iMPACT - Digilent Plugin: JTAG Clock Frequency: 4000000 Hz
Attempting to identify devices in the boundary-scan chain configuration...
INFO:iMPACT - Current time: 26/08/2013 5:28:44 PM
// *** BATCH CMD : Identify -inferir 
PROGRESS_START - Starting Operation.
Identifying chain contents...'0': : Manufacturer's ID = Xilinx xc6slx9, Version : 2
INFO:iMPACT:1777 - 
   Reading C:/Xilinx/14.4/ISE_DS/ISE/spartan6/data/xc6slx9.bsd...
INFO:iMPACT:501 - '1': Added Device xc6slx9 successfully.
----------------------------------------------------------------------
done.
PROGRESS_END - End Operation.
Elapsed time =      0 sec.
// *** BATCH CMD : identifyMPM 
// *** BATCH CMD : assignFile -p 1 -file"C:/E/Documents/fpga/cc_projects/2013_Oct/avnet_lx9/serial_ise/lx9board_main.bit"
'1': Loading file'C:/E/Documents/fpga/cc_projects/2013_Oct/avnet_lx9/serial_ise/lx9board_main.bit' ...
done.
INFO:iMPACT:2257 - Startup Clock has been changed to 'JtagClk' in the bitstream   stored in memory,
   but the original bitstream file remains unchanged.
UserID read from the bitstream file = 0xFFFFFFFF.
Data width read from the bitstream file = 1.
INFO:iMPACT:501 - '1': Added Device xc6slx9 successfully.
----------------------------------------------------------------------
INFO:iMPACT - Current time: 26/08/2013 5:28:53 PM
// *** BATCH CMD : Program -p 1 
Maximum TCK operating frequency for this device chain: 25000000.
Validating chain...
Boundary-scan chain validated successfully.
PROGRESS_START - Starting Operation.
'1': Programming device...
 LCK_cycle = NoWait.
LCK cycle: NoWait
done.
'1': Reading status register contents...
[0] CRC ERROR                                                              :        0
[1] IDCODE ERROR                                                           :        0
[2] DCM LOCK STATUS                                                        :        1
[3] GTS_CFG_B STATUS                                                       :        1
[4] GWE STATUS                                                             :        1
[5] GHIGH STATUS                                                           :        1
[6] DECRYPTION ERROR                                                       :        0
[7] DECRYPTOR ENABLE                                                       :        0
[8] HSWAPEN PIN                                                            :        1
[9] MODE PIN M[0]                                                          :        1
[10] MODE PIN M[1]                                                         :        1
[11] RESERVED                                                              :        0
[12] INIT_B PIN                                                            :        1
[13] DONE PIN                                                              :        1
[14] SUSPEND STATUS                                                        :        0
[15] FALLBACK STATUS                                                       :        0
INFO:iMPACT:2219 - Status register values:
INFO:iMPACT - 0011 1100 1110 1100 
INFO:iMPACT:579 - '1': Completed downloading bit file to device.
INFO:iMPACT:188 - '1': Programming completed successfully.
 LCK_cycle = NoWait.
LCK cycle: NoWait
INFO:iMPACT - '1': Checking done pin....done.
'1': Programmed successfully.
PROGRESS_END - End Operation.
Elapsed time =      2 sec.
Project: 'C:\Xilinx\14.4\\auto_project.ipf' created.
// *** BATCH CMD : setMode -bs
// *** BATCH CMD : setMode -ss
// *** BATCH CMD : setMode -sm
// *** BATCH CMD : setMode -hw140
// *** BATCH CMD : setMode -spi
// *** BATCH CMD : setMode -acecf
// *** BATCH CMD : setMode -acempm
// *** BATCH CMD : setMode -pff
// *** BATCH CMD : setMode -bs
// *** BATCH CMD : saveProjectFile -file "C:\Xilinx\14.4\\auto_project.ipf"
// *** BATCH CMD : setMode -bs
INFO:iMPACT - Launching WebTalk, please refer to the webtalk log at   C:\Xilinx\14.4\webtalk.log for details.
INFO:iMPACT - Running wbtc successfully.
// *** BATCH CMD : setMode -bs
// *** BATCH CMD : deleteDevice -position 1
// *** BATCH CMD : setMode -bs
// *** BATCH CMD : setMode -ss
// *** BATCH CMD : setMode -sm
// *** BATCH CMD : setMode -hw140
// *** BATCH CMD : setMode -spi
// *** BATCH CMD : setMode -acecf
// *** BATCH CMD : setMode -acempm
// *** BATCH CMD : setMode -pff
